{"C:\\Proyecto_Inventarios\\backend\\src\\services\\auth.service.js": {"path":"C:\\Proyecto_Inventarios\\backend\\src\\services\\auth.service.js","statementMap":{"0":{"start":{"line":1,"column":15},"end":{"line":1,"column":32}},"1":{"start":{"line":2,"column":12},"end":{"line":2,"column":35}},"2":{"start":{"line":3,"column":15},"end":{"line":3,"column":42}},"3":{"start":{"line":8,"column":4},"end":{"line":10,"column":5}},"4":{"start":{"line":9,"column":8},"end":{"line":9,"column":72}},"5":{"start":{"line":12,"column":25},"end":{"line":16,"column":6}},"6":{"start":{"line":19,"column":4},"end":{"line":21,"column":5}},"7":{"start":{"line":20,"column":8},"end":{"line":20,"column":55}},"8":{"start":{"line":24,"column":25},"end":{"line":27,"column":5}},"9":{"start":{"line":30,"column":17},"end":{"line":37,"column":6}},"10":{"start":{"line":40,"column":4},"end":{"line":40,"column":16}},"11":{"start":{"line":45,"column":17},"end":{"line":49,"column":6}},"12":{"start":{"line":52,"column":4},"end":{"line":54,"column":5}},"13":{"start":{"line":53,"column":8},"end":{"line":53,"column":50}},"14":{"start":{"line":57,"column":26},"end":{"line":60,"column":5}},"15":{"start":{"line":63,"column":4},"end":{"line":65,"column":5}},"16":{"start":{"line":64,"column":8},"end":{"line":64,"column":50}},"17":{"start":{"line":68,"column":24},"end":{"line":77,"column":5}},"18":{"start":{"line":80,"column":25},"end":{"line":88,"column":5}},"19":{"start":{"line":91,"column":4},"end":{"line":94,"column":6}},"20":{"start":{"line":97,"column":0},"end":{"line":100,"column":2}}},"fnMap":{"0":{"name":"register","decl":{"start":{"line":6,"column":15},"end":{"line":6,"column":23}},"loc":{"start":{"line":6,"column":30},"end":{"line":41,"column":1}},"line":6},"1":{"name":"login","decl":{"start":{"line":43,"column":15},"end":{"line":43,"column":20}},"loc":{"start":{"line":43,"column":27},"end":{"line":95,"column":1}},"line":43}},"branchMap":{"0":{"loc":{"start":{"line":8,"column":4},"end":{"line":10,"column":5}},"type":"if","locations":[{"start":{"line":8,"column":4},"end":{"line":10,"column":5}},{"start":{},"end":{}}],"line":8},"1":{"loc":{"start":{"line":8,"column":8},"end":{"line":8,"column":50}},"type":"binary-expr","locations":[{"start":{"line":8,"column":8},"end":{"line":8,"column":22}},{"start":{"line":8,"column":26},"end":{"line":8,"column":50}}],"line":8},"2":{"loc":{"start":{"line":19,"column":4},"end":{"line":21,"column":5}},"type":"if","locations":[{"start":{"line":19,"column":4},"end":{"line":21,"column":5}},{"start":{},"end":{}}],"line":19},"3":{"loc":{"start":{"line":52,"column":4},"end":{"line":54,"column":5}},"type":"if","locations":[{"start":{"line":52,"column":4},"end":{"line":54,"column":5}},{"start":{},"end":{}}],"line":52},"4":{"loc":{"start":{"line":63,"column":4},"end":{"line":65,"column":5}},"type":"if","locations":[{"start":{"line":63,"column":4},"end":{"line":65,"column":5}},{"start":{},"end":{}}],"line":63}},"s":{"0":1,"1":1,"2":1,"3":3,"4":1,"5":2,"6":2,"7":1,"8":1,"9":1,"10":1,"11":3,"12":3,"13":1,"14":2,"15":2,"16":1,"17":1,"18":1,"19":1,"20":1},"f":{"0":3,"1":3},"b":{"0":[1,2],"1":[3,3],"2":[1,1],"3":[1,2],"4":[1,1]},"_coverageSchema":"1a1c01bbd47fc00a2c39e90264f33305004495a9","hash":"a9f73bc803de05f07b4617f32b8b364056c2c968"}
}
