TN:
SF:src\controllers\alert.controller.js
FN:3,getAlerts
FN:22,markAlertAsRead
FNF:2
FNH:2
FNDA:3,getAlerts
FNDA:2,markAlertAsRead
DA:1,2
DA:5,3
DA:7,3
DA:11,2
DA:15,1
DA:24,2
DA:26,2
DA:31,1
DA:38,1
DA:45,2
LF:10
LH:10
BRF:0
BRH:0
end_of_record
TN:
SF:src\controllers\auth.controller.js
FN:3,register
FN:19,login
FN:35,getCurrentUser
FNF:3
FNH:1
FNDA:0,register
FNDA:1,login
FNDA:0,getCurrentUser
DA:1,1
DA:5,0
DA:7,0
DA:9,0
DA:13,0
DA:21,1
DA:23,1
DA:25,1
DA:29,0
DA:37,0
DA:39,0
DA:44,0
DA:49,0
DA:59,1
LF:14
LH:5
BRF:0
BRH:0
end_of_record
TN:
SF:src\controllers\category.controller.js
FN:3,getCategories
FN:17,createCategory
FN:41,updateCategory
FN:66,deleteCategory
FNF:4
FNH:4
FNDA:2,getCategories
FNDA:3,createCategory
FNDA:2,updateCategory
FNDA:2,deleteCategory
DA:1,2
DA:5,2
DA:6,2
DA:7,1
DA:10,1
DA:19,3
DA:21,3
DA:26,2
DA:33,1
DA:43,2
DA:45,2
DA:51,1
DA:58,1
DA:68,2
DA:70,2
DA:75,1
DA:82,1
DA:90,2
LF:18
LH:18
BRF:0
BRH:0
end_of_record
TN:
SF:src\controllers\product.controller.js
FN:3,createProduct
FN:27,getProducts
FN:48,updateProduct
FN:73,deleteProduct
FN:97,adjustStock
FN:124,getStockAdjustments
FN:148,generateSku
FNF:7
FNH:7
FNDA:3,createProduct
FNDA:5,getProducts
FNDA:4,updateProduct
FNDA:2,deleteProduct
FNDA:6,adjustStock
FNDA:4,getStockAdjustments
FNDA:3,generateSku
DA:1,2
DA:5,3
DA:7,3
DA:12,2
DA:19,1
DA:29,5
DA:31,5
DA:36,4
DA:40,1
DA:50,4
DA:52,4
DA:58,2
DA:65,2
DA:75,2
DA:77,2
DA:82,1
DA:89,1
DA:99,6
DA:101,6
DA:107,3
DA:114,3
DA:116,3
DA:126,4
DA:128,4
DA:134,2
DA:138,2
DA:140,2
DA:150,3
DA:152,3
DA:159,2
DA:163,1
DA:169,2
LF:32
LH:32
BRDA:114,0,0,3
BRDA:114,0,1,1
BRDA:138,1,0,2
BRDA:138,1,1,1
BRF:4
BRH:4
end_of_record
TN:
SF:src\controllers\sale.controller.js
FN:3,createSale
FNF:1
FNH:1
FNDA:3,createSale
DA:1,2
DA:5,3
DA:7,3
DA:12,2
DA:19,1
DA:27,2
LF:6
LH:6
BRF:0
BRH:0
end_of_record
TN:
SF:src\routes\alert.routes.js
FNF:0
FNH:0
DA:1,1
DA:3,1
DA:5,1
DA:6,1
DA:8,1
DA:14,1
DA:20,1
LF:7
LH:7
BRF:0
BRH:0
end_of_record
TN:
SF:src\routes\auth.routes.js
FNF:0
FNH:0
DA:1,1
DA:3,1
DA:5,1
DA:7,1
DA:9,1
DA:10,1
DA:12,1
DA:18,1
LF:8
LH:8
BRF:0
BRH:0
end_of_record
TN:
SF:src\routes\category.routes.js
FNF:0
FNH:0
DA:1,1
DA:3,1
DA:5,1
DA:7,1
DA:9,1
DA:15,1
DA:21,1
DA:27,1
DA:33,1
LF:9
LH:9
BRF:0
BRH:0
end_of_record
TN:
SF:src\routes\index.js
FNF:0
FNH:0
DA:1,1
DA:3,1
DA:5,1
DA:6,1
DA:7,1
DA:8,1
DA:9,1
DA:11,1
DA:12,1
DA:13,1
DA:14,1
DA:15,1
DA:17,1
LF:13
LH:13
BRF:0
BRH:0
end_of_record
TN:
SF:src\routes\product.routes.js
FNF:0
FNH:0
DA:1,1
DA:2,1
DA:4,1
DA:5,1
DA:7,1
DA:13,1
DA:19,1
DA:25,1
DA:31,1
DA:37,1
DA:43,1
DA:49,1
LF:12
LH:12
BRF:0
BRH:0
end_of_record
TN:
SF:src\routes\sale.routes.js
FNF:0
FNH:0
DA:1,1
DA:3,1
DA:5,1
DA:6,1
DA:8,1
DA:14,1
LF:6
LH:6
BRF:0
BRH:0
end_of_record
TN:
SF:src\services\alert.service.js
FN:3,getAlerts
FN:40,markAsRead
FNF:2
FNH:2
FNDA:2,getAlerts
FNDA:2,markAsRead
DA:1,2
DA:5,2
DA:36,2
DA:42,2
DA:51,2
DA:52,1
DA:55,1
DA:67,1
DA:71,2
LF:9
LH:9
BRDA:51,0,0,1
BRDA:51,0,1,1
BRF:2
BRH:2
end_of_record
TN:
SF:src\services\auth.service.js
FN:10,register
FN:47,login
FN:82,getCurrentUser
FNF:3
FNH:2
FNDA:3,register
FNDA:4,login
FNDA:0,getCurrentUser
DA:1,2
DA:2,2
DA:7,2
DA:12,3
DA:13,1
DA:16,2
DA:23,2
DA:24,1
DA:28,1
DA:34,1
DA:44,1
DA:49,4
DA:56,4
DA:57,1
DA:61,3
DA:67,3
DA:68,1
DA:71,2
DA:72,2
DA:75,2
DA:84,0
DA:102,0
DA:104,0
DA:109,0
DA:114,2
LF:25
LH:21
BRDA:12,0,0,1
BRDA:12,0,1,2
BRDA:12,1,0,3
BRDA:12,1,1,3
BRDA:23,2,0,1
BRDA:23,2,1,1
BRDA:56,3,0,1
BRDA:56,3,1,3
BRDA:67,4,0,1
BRDA:67,4,1,2
BRDA:102,5,0,0
BRDA:102,5,1,0
BRF:12
BRH:10
end_of_record
TN:
SF:src\services\category.service.js
FN:3,getCategories
FN:20,createCategory
FN:68,updateCategory
FN:122,deleteCategory
FNF:4
FNH:4
FNDA:1,getCategories
FNDA:6,createCategory
FNDA:4,updateCategory
FNDA:3,deleteCategory
DA:1,2
DA:5,1
DA:17,1
DA:22,6
DA:23,2
DA:26,4
DA:34,4
DA:35,1
DA:40,3
DA:49,3
DA:50,1
DA:55,2
DA:64,2
DA:70,4
DA:79,4
DA:80,1
DA:83,3
DA:84,1
DA:87,2
DA:100,2
DA:101,1
DA:106,1
DA:118,1
DA:124,3
DA:133,3
DA:134,1
DA:137,2
DA:146,2
DA:147,1
DA:153,1
DA:161,1
DA:165,2
LF:32
LH:32
BRDA:22,0,0,2
BRDA:22,0,1,4
BRDA:22,1,0,6
BRDA:22,1,1,5
BRDA:34,2,0,1
BRDA:34,2,1,3
BRDA:49,3,0,1
BRDA:49,3,1,2
BRDA:79,4,0,1
BRDA:79,4,1,3
BRDA:83,5,0,1
BRDA:83,5,1,2
BRDA:83,6,0,3
BRDA:83,6,1,3
BRDA:100,7,0,1
BRDA:100,7,1,1
BRDA:133,8,0,1
BRDA:133,8,1,2
BRDA:146,9,0,1
BRDA:146,9,1,1
BRF:20
BRH:20
end_of_record
TN:
SF:src\services\product.service.js
FN:3,generateSku
FN:40,(anonymous_1)
FN:64,createProduct
FN:159,getProducts
FN:234,updateProduct
FN:337,deleteProduct
FN:369,adjustStock
FN:477,(anonymous_7)
FN:510,getStockAdjustments
FNF:9
FNH:9
FNDA:5,generateSku
FNDA:7,(anonymous_1)
FNDA:10,createProduct
FNDA:6,getProducts
FNDA:10,updateProduct
FNDA:2,deleteProduct
FNDA:18,adjustStock
FNDA:7,(anonymous_7)
FNDA:4,getStockAdjustments
DA:1,2
DA:5,5
DA:14,5
DA:15,1
DA:18,4
DA:25,4
DA:38,4
DA:40,4
DA:42,7
DA:44,7
DA:46,5
DA:48,5
DA:50,4
DA:58,4
DA:60,4
DA:73,10
DA:75,10
DA:82,1
DA:85,9
DA:86,1
DA:89,8
DA:90,1
DA:93,7
DA:94,1
DA:97,6
DA:98,1
DA:103,5
DA:105,4
DA:107,4
DA:116,4
DA:117,1
DA:122,1
DA:129,4
DA:138,4
DA:139,1
DA:142,3
DA:155,3
DA:161,6
DA:162,6
DA:164,6
DA:165,6
DA:167,6
DA:172,6
DA:174,2
DA:188,6
DA:190,2
DA:194,6
DA:218,6
DA:222,6
DA:236,10
DA:246,10
DA:247,2
DA:250,8
DA:252,8
DA:254,3
DA:255,1
DA:258,2
DA:262,7
DA:264,3
DA:265,1
DA:268,2
DA:281,2
DA:282,1
DA:285,1
DA:291,5
DA:293,2
DA:302,2
DA:303,1
DA:306,1
DA:310,4
DA:311,1
DA:314,4
DA:315,1
DA:318,4
DA:333,4
DA:339,2
DA:349,2
DA:350,1
DA:353,1
DA:365,1
DA:371,18
DA:373,18
DA:383,18
DA:384,1
DA:387,17
DA:388,1
DA:391,16
DA:392,1
DA:395,15
DA:396,1
DA:399,14
DA:400,1
DA:403,13
DA:404,1
DA:407,12
DA:414,12
DA:415,1
DA:418,11
DA:420,5
DA:421,1
DA:424,4
DA:429,4
DA:430,1
DA:439,9
DA:444,2
DA:445,2
DA:449,4
DA:450,4
DA:454,3
DA:459,3
DA:463,9
DA:465,9
DA:467,2
DA:471,2
DA:473,2
DA:477,7
DA:479,7
DA:491,7
DA:502,7
DA:506,7
DA:512,4
DA:522,4
DA:523,1
DA:526,3
DA:527,3
DA:529,3
DA:531,3
DA:547,3
DA:555,3
DA:570,2
LF:130
LH:130
BRDA:14,0,0,1
BRDA:14,0,1,4
BRDA:44,1,0,5
BRDA:44,1,1,2
BRDA:48,2,0,4
BRDA:48,2,1,1
BRDA:48,3,0,5
BRDA:48,3,1,4
BRDA:75,4,0,1
BRDA:75,4,1,9
BRDA:76,5,0,10
BRDA:76,5,1,9
BRDA:76,5,2,9
BRDA:76,5,3,9
BRDA:76,5,4,9
BRDA:85,6,0,1
BRDA:85,6,1,8
BRDA:89,7,0,1
BRDA:89,7,1,7
BRDA:93,8,0,1
BRDA:93,8,1,6
BRDA:97,9,0,1
BRDA:97,9,1,5
BRDA:103,10,0,4
BRDA:103,10,1,1
BRDA:103,11,0,5
BRDA:103,11,1,4
BRDA:116,12,0,1
BRDA:116,12,1,3
BRDA:138,13,0,1
BRDA:138,13,1,3
BRDA:161,14,0,6
BRDA:161,14,1,5
BRDA:162,15,0,6
BRDA:162,15,1,5
BRDA:164,16,0,6
BRDA:164,16,1,4
BRDA:165,17,0,6
BRDA:165,17,1,4
BRDA:172,18,0,2
BRDA:172,18,1,4
BRDA:188,19,0,2
BRDA:188,19,1,4
BRDA:246,20,0,2
BRDA:246,20,1,8
BRDA:252,21,0,3
BRDA:252,21,1,5
BRDA:254,22,0,1
BRDA:254,22,1,2
BRDA:262,23,0,3
BRDA:262,23,1,4
BRDA:264,24,0,1
BRDA:264,24,1,2
BRDA:281,25,0,1
BRDA:281,25,1,1
BRDA:291,26,0,2
BRDA:291,26,1,3
BRDA:302,27,0,1
BRDA:302,27,1,1
BRDA:310,28,0,1
BRDA:310,28,1,3
BRDA:314,29,0,1
BRDA:314,29,1,3
BRDA:349,30,0,1
BRDA:349,30,1,1
BRDA:383,31,0,1
BRDA:383,31,1,17
BRDA:387,32,0,1
BRDA:387,32,1,16
BRDA:391,33,0,1
BRDA:391,33,1,15
BRDA:395,34,0,1
BRDA:395,34,1,14
BRDA:399,35,0,1
BRDA:399,35,1,13
BRDA:403,36,0,1
BRDA:403,36,1,12
BRDA:414,37,0,1
BRDA:414,37,1,11
BRDA:418,38,0,5
BRDA:418,38,1,6
BRDA:420,39,0,1
BRDA:420,39,1,4
BRDA:429,40,0,1
BRDA:429,40,1,3
BRDA:439,41,0,1
BRDA:439,41,1,2
BRDA:439,41,2,4
BRDA:439,41,3,3
BRDA:455,42,0,2
BRDA:455,42,1,1
BRDA:465,43,0,2
BRDA:465,43,1,7
BRDA:522,44,0,1
BRDA:522,44,1,3
BRDA:526,45,0,3
BRDA:526,45,1,2
BRDA:527,46,0,3
BRDA:527,46,1,2
BRF:99
BRH:99
end_of_record
TN:
SF:src\services\sale.service.js
FN:3,createSale
FN:11,(anonymous_1)
FNF:2
FNH:2
FNDA:14,createSale
FNDA:12,(anonymous_1)
DA:1,2
DA:5,14
DA:7,14
DA:8,2
DA:11,12
DA:13,12
DA:15,12
DA:17,12
DA:19,13
DA:21,13
DA:22,2
DA:27,11
DA:28,3
DA:33,8
DA:41,8
DA:42,1
DA:47,7
DA:48,1
DA:53,6
DA:55,6
DA:57,6
DA:63,5
DA:70,5
DA:72,6
DA:74,6
DA:84,6
DA:87,6
DA:96,6
DA:98,3
DA:106,3
DA:108,2
DA:120,5
DA:124,2
LF:33
LH:33
BRDA:7,0,0,2
BRDA:7,0,1,12
BRDA:7,1,0,14
BRDA:7,1,1,13
BRDA:7,1,2,13
BRDA:21,2,0,2
BRDA:21,2,1,11
BRDA:21,3,0,13
BRDA:21,3,1,12
BRDA:21,3,2,11
BRDA:27,4,0,3
BRDA:27,4,1,8
BRDA:27,5,0,11
BRDA:27,5,1,10
BRDA:41,6,0,1
BRDA:41,6,1,7
BRDA:47,7,0,1
BRDA:47,7,1,6
BRDA:96,8,0,3
BRDA:96,8,1,3
BRDA:106,9,0,2
BRDA:106,9,1,1
BRF:22
BRH:22
end_of_record
